<?xml version="1.0" encoding="UTF-8"?>
<testsuite xmlns:xsi="http://www.w3.org/2001/XMLSchema-instance" xsi:noNamespaceSchemaLocation="https://maven.apache.org/surefire/maven-surefire-plugin/xsd/surefire-test-report.xsd" name="com.custom.usergroupcallback.AppTest" time="0.018" tests="1" errors="0" skipped="0" failures="0">
  <properties>
    <property name="sun.desktop" value="gnome"/>
    <property name="awt.toolkit" value="sun.awt.X11.XToolkit"/>
    <property name="file.encoding.pkg" value="sun.io"/>
    <property name="java.specification.version" value="1.8"/>
    <property name="sun.cpu.isalist" value=""/>
    <property name="sun.jnu.encoding" value="UTF-8"/>
    <property name="java.class.path" value="/home/sudnair/Documents/official/pocs/customusergroupcallback/target/test-classes:/home/sudnair/Documents/official/pocs/customusergroupcallback/target/classes:/home/sudnair/.m2/repository/junit/junit/4.11/junit-4.11.jar:/home/sudnair/.m2/repository/org/hamcrest/hamcrest-core/1.3/hamcrest-core-1.3.jar:/home/sudnair/.m2/repository/org/kie/kie-api/7.52.0.Final-redhat-00008/kie-api-7.52.0.Final-redhat-00008.jar:/home/sudnair/.m2/repository/org/kie/soup/kie-soup-maven-support/7.52.0.Final-redhat-00008/kie-soup-maven-support-7.52.0.Final-redhat-00008.jar:/home/sudnair/.m2/repository/org/slf4j/slf4j-api/1.7.30.redhat-00001/slf4j-api-1.7.30.redhat-00001.jar:/home/sudnair/.m2/repository/ch/qos/logback/logback-classic/1.0.9/logback-classic-1.0.9.jar:/home/sudnair/.m2/repository/ch/qos/logback/logback-core/1.0.9/logback-core-1.0.9.jar:/home/sudnair/.m2/repository/org/jbpm/jbpm-human-task-core/7.52.0.Final-redhat-00008/jbpm-human-task-core-7.52.0.Final-redhat-00008.jar:/home/sudnair/.m2/repository/com/google/protobuf/protobuf-java/3.6.1/protobuf-java-3.6.1.jar:/home/sudnair/.m2/repository/org/jbpm/jbpm-flow/7.52.0.Final-redhat-00008/jbpm-flow-7.52.0.Final-redhat-00008.jar:/home/sudnair/.m2/repository/org/drools/drools-mvel/7.52.0.Final-redhat-00008/drools-mvel-7.52.0.Final-redhat-00008.jar:/home/sudnair/.m2/repository/org/drools/drools-compiler/7.52.0.Final-redhat-00008/drools-compiler-7.52.0.Final-redhat-00008.jar:/home/sudnair/.m2/repository/org/drools/drools-ecj/7.52.0.Final-redhat-00008/drools-ecj-7.52.0.Final-redhat-00008.jar:/home/sudnair/.m2/repository/org/antlr/antlr-runtime/3.5.2.redhat-1/antlr-runtime-3.5.2.redhat-1.jar:/home/sudnair/.m2/repository/com/thoughtworks/xstream/xstream/1.4.16.redhat-00001/xstream-1.4.16.redhat-00001.jar:/home/sudnair/.m2/repository/io/github/x-stream/mxparser/1.2.1/mxparser-1.2.1.jar:/home/sudnair/.m2/repository/xmlpull/xmlpull/1.1.3.1/xmlpull-1.1.3.1.jar:/home/sudnair/.m2/repository/org/drools/drools-serialization-protobuf/7.52.0.Final-redhat-00008/drools-serialization-protobuf-7.52.0.Final-redhat-00008.jar:/home/sudnair/.m2/repository/org/kie/soup/kie-soup-commons/7.52.0.Final-redhat-00008/kie-soup-commons-7.52.0.Final-redhat-00008.jar:/home/sudnair/.m2/repository/org/kie/kie-dmn-api/7.52.0.Final-redhat-00008/kie-dmn-api-7.52.0.Final-redhat-00008.jar:/home/sudnair/.m2/repository/org/kie/kie-dmn-feel/7.52.0.Final-redhat-00008/kie-dmn-feel-7.52.0.Final-redhat-00008.jar:/home/sudnair/.m2/repository/org/kie/kie-dmn-model/7.52.0.Final-redhat-00008/kie-dmn-model-7.52.0.Final-redhat-00008.jar:/home/sudnair/.m2/repository/org/antlr/antlr4-runtime/4.8.0.redhat-00002/antlr4-runtime-4.8.0.redhat-00002.jar:/home/sudnair/.m2/repository/com/github/javaparser/javaparser-core/3.13.10/javaparser-core-3.13.10.jar:/home/sudnair/.m2/repository/org/drools/drools-mvel-parser/7.52.0.Final-redhat-00008/drools-mvel-parser-7.52.0.Final-redhat-00008.jar:/home/sudnair/.m2/repository/ch/obermuhlner/big-math/2.0.1/big-math-2.0.1.jar:/home/sudnair/.m2/repository/org/kie/kie-dmn-core/7.52.0.Final-redhat-00008/kie-dmn-core-7.52.0.Final-redhat-00008.jar:/home/sudnair/.m2/repository/org/kie/kie-dmn-backend/7.52.0.Final-redhat-00008/kie-dmn-backend-7.52.0.Final-redhat-00008.jar:/home/sudnair/.m2/repository/org/kie/kie-memory-compiler/7.52.0.Final-redhat-00008/kie-memory-compiler-7.52.0.Final-redhat-00008.jar:/home/sudnair/.m2/repository/org/drools/drools-ruleunit/7.52.0.Final-redhat-00008/drools-ruleunit-7.52.0.Final-redhat-00008.jar:/home/sudnair/.m2/repository/org/drools/drools-canonical-model/7.52.0.Final-redhat-00008/drools-canonical-model-7.52.0.Final-redhat-00008.jar:/home/sudnair/.m2/repository/org/drools/drools-model-compiler/7.52.0.Final-redhat-00008/drools-model-compiler-7.52.0.Final-redhat-00008.jar:/home/sudnair/.m2/repository/org/drools/drools-mvel-compiler/7.52.0.Final-redhat-00008/drools-mvel-compiler-7.52.0.Final-redhat-00008.jar:/home/sudnair/.m2/repository/org/drools/drools-alphanetwork-compiler/7.52.0.Final-redhat-00008/drools-alphanetwork-compiler-7.52.0.Final-redhat-00008.jar:/home/sudnair/.m2/repository/org/jpmml/pmml-model/1.5.1/pmml-model-1.5.1.jar:/home/sudnair/.m2/repository/org/jpmml/pmml-agent/1.5.1/pmml-agent-1.5.1.jar:/home/sudnair/.m2/repository/org/apache/commons/commons-lang3/3.9.0.redhat-00001/commons-lang3-3.9.0.redhat-00001.jar:/home/sudnair/.m2/repository/org/kie/soup/kie-soup-project-datamodel-commons/7.52.0.Final-redhat-00008/kie-soup-project-datamodel-commons-7.52.0.Final-redhat-00008.jar:/home/sudnair/.m2/repository/org/kie/soup/kie-soup-project-datamodel-api/7.52.0.Final-redhat-00008/kie-soup-project-datamodel-api-7.52.0.Final-redhat-00008.jar:/home/sudnair/.m2/repository/org/drools/drools-core/7.52.0.Final-redhat-00008/drools-core-7.52.0.Final-redhat-00008.jar:/home/sudnair/.m2/repository/org/kie/soup/kie-soup-xstream/7.52.0.Final-redhat-00008/kie-soup-xstream-7.52.0.Final-redhat-00008.jar:/home/sudnair/.m2/repository/org/drools/drools-core-reflective/7.52.0.Final-redhat-00008/drools-core-reflective-7.52.0.Final-redhat-00008.jar:/home/sudnair/.m2/repository/org/drools/drools-core-dynamic/7.52.0.Final-redhat-00008/drools-core-dynamic-7.52.0.Final-redhat-00008.jar:/home/sudnair/.m2/repository/commons-codec/commons-codec/1.11.0.redhat-00001/commons-codec-1.11.0.redhat-00001.jar:/home/sudnair/.m2/repository/org/jbpm/jbpm-query-jpa/7.52.0.Final-redhat-00008/jbpm-query-jpa-7.52.0.Final-redhat-00008.jar:/home/sudnair/.m2/repository/org/jbpm/jbpm-persistence-api/7.52.0.Final-redhat-00008/jbpm-persistence-api-7.52.0.Final-redhat-00008.jar:/home/sudnair/.m2/repository/org/drools/drools-persistence-api/7.52.0.Final-redhat-00008/drools-persistence-api-7.52.0.Final-redhat-00008.jar:/home/sudnair/.m2/repository/org/jboss/spec/javax/transaction/jboss-transaction-api_1.2_spec/1.1.1.Final-redhat-1/jboss-transaction-api_1.2_spec-1.1.1.Final-redhat-1.jar:/home/sudnair/.m2/repository/org/kie/kie-internal/7.52.0.Final-redhat-00008/kie-internal-7.52.0.Final-redhat-00008.jar:/home/sudnair/.m2/repository/org/jboss/spec/javax/annotation/jboss-annotations-api_1.2_spec/1.0.0.Final-redhat-1/jboss-annotations-api_1.2_spec-1.0.0.Final-redhat-1.jar:/home/sudnair/.m2/repository/javax/persistence/javax.persistence-api/2.2.0.redhat-1/javax.persistence-api-2.2.0.redhat-1.jar:/home/sudnair/.m2/repository/org/mvel/mvel2/2.4.12.Final-redhat-00001/mvel2-2.4.12.Final-redhat-00001.jar:/home/sudnair/.m2/repository/javax/mail/mail/1.4.5.redhat-2/mail-1.4.5.redhat-2.jar:/home/sudnair/.m2/repository/com/fasterxml/jackson/core/jackson-annotations/2.10.4.redhat-00002/jackson-annotations-2.10.4.redhat-00002.jar:/home/sudnair/.m2/repository/com/fasterxml/jackson/core/jackson-core/2.10.4.redhat-00002/jackson-core-2.10.4.redhat-00002.jar:/home/sudnair/.m2/repository/com/fasterxml/jackson/core/jackson-databind/2.10.5.1-redhat-00001/jackson-databind-2.10.5.1-redhat-00001.jar:/home/sudnair/.m2/repository/org/slf4j/jcl-over-slf4j/1.7.30.redhat-00001/jcl-over-slf4j-1.7.30.redhat-00001.jar:/home/sudnair/.m2/repository/com/google/guava/guava/25.0-jre/guava-25.0-jre.jar:/home/sudnair/.m2/repository/com/google/code/findbugs/jsr305/1.3.9/jsr305-1.3.9.jar:/home/sudnair/.m2/repository/org/checkerframework/checker-compat-qual/2.0.0/checker-compat-qual-2.0.0.jar:/home/sudnair/.m2/repository/com/google/errorprone/error_prone_annotations/2.1.3/error_prone_annotations-2.1.3.jar:/home/sudnair/.m2/repository/com/google/j2objc/j2objc-annotations/1.1/j2objc-annotations-1.1.jar:/home/sudnair/.m2/repository/org/codehaus/mojo/animal-sniffer-annotations/1.14/animal-sniffer-annotations-1.14.jar:/home/sudnair/.m2/repository/org/javassist/javassist/3.26.0.GA-redhat-00001/javassist-3.26.0.GA-redhat-00001.jar:/home/sudnair/.m2/repository/javax/security/jacc/1.0/jacc-1.0.jar:"/>
    <property name="java.vm.vendor" value="Oracle Corporation"/>
    <property name="sun.arch.data.model" value="64"/>
    <property name="java.vendor.url" value="http://java.oracle.com/"/>
    <property name="user.timezone" value=""/>
    <property name="java.vm.specification.version" value="1.8"/>
    <property name="os.name" value="Linux"/>
    <property name="user.country" value="US"/>
    <property name="sun.java.launcher" value="SUN_STANDARD"/>
    <property name="sun.boot.library.path" value="/home/sudnair/Documents/official/Softwares/java/jdk-8u161-linux-x64/jdk1.8.0_161/jre/lib/amd64"/>
    <property name="sun.java.command" value="/home/sudnair/Documents/official/pocs/customusergroupcallback/target/surefire/surefirebooter6205688524703612146.jar /home/sudnair/Documents/official/pocs/customusergroupcallback/target/surefire 2022-01-01T00-01-29_343-jvmRun1 surefire6222204746764246175tmp surefire_03351815648447327002tmp"/>
    <property name="surefire.test.class.path" value="/home/sudnair/Documents/official/pocs/customusergroupcallback/target/test-classes:/home/sudnair/Documents/official/pocs/customusergroupcallback/target/classes:/home/sudnair/.m2/repository/junit/junit/4.11/junit-4.11.jar:/home/sudnair/.m2/repository/org/hamcrest/hamcrest-core/1.3/hamcrest-core-1.3.jar:/home/sudnair/.m2/repository/org/kie/kie-api/7.52.0.Final-redhat-00008/kie-api-7.52.0.Final-redhat-00008.jar:/home/sudnair/.m2/repository/org/kie/soup/kie-soup-maven-support/7.52.0.Final-redhat-00008/kie-soup-maven-support-7.52.0.Final-redhat-00008.jar:/home/sudnair/.m2/repository/org/slf4j/slf4j-api/1.7.30.redhat-00001/slf4j-api-1.7.30.redhat-00001.jar:/home/sudnair/.m2/repository/ch/qos/logback/logback-classic/1.0.9/logback-classic-1.0.9.jar:/home/sudnair/.m2/repository/ch/qos/logback/logback-core/1.0.9/logback-core-1.0.9.jar:/home/sudnair/.m2/repository/org/jbpm/jbpm-human-task-core/7.52.0.Final-redhat-00008/jbpm-human-task-core-7.52.0.Final-redhat-00008.jar:/home/sudnair/.m2/repository/com/google/protobuf/protobuf-java/3.6.1/protobuf-java-3.6.1.jar:/home/sudnair/.m2/repository/org/jbpm/jbpm-flow/7.52.0.Final-redhat-00008/jbpm-flow-7.52.0.Final-redhat-00008.jar:/home/sudnair/.m2/repository/org/drools/drools-mvel/7.52.0.Final-redhat-00008/drools-mvel-7.52.0.Final-redhat-00008.jar:/home/sudnair/.m2/repository/org/drools/drools-compiler/7.52.0.Final-redhat-00008/drools-compiler-7.52.0.Final-redhat-00008.jar:/home/sudnair/.m2/repository/org/drools/drools-ecj/7.52.0.Final-redhat-00008/drools-ecj-7.52.0.Final-redhat-00008.jar:/home/sudnair/.m2/repository/org/antlr/antlr-runtime/3.5.2.redhat-1/antlr-runtime-3.5.2.redhat-1.jar:/home/sudnair/.m2/repository/com/thoughtworks/xstream/xstream/1.4.16.redhat-00001/xstream-1.4.16.redhat-00001.jar:/home/sudnair/.m2/repository/io/github/x-stream/mxparser/1.2.1/mxparser-1.2.1.jar:/home/sudnair/.m2/repository/xmlpull/xmlpull/1.1.3.1/xmlpull-1.1.3.1.jar:/home/sudnair/.m2/repository/org/drools/drools-serialization-protobuf/7.52.0.Final-redhat-00008/drools-serialization-protobuf-7.52.0.Final-redhat-00008.jar:/home/sudnair/.m2/repository/org/kie/soup/kie-soup-commons/7.52.0.Final-redhat-00008/kie-soup-commons-7.52.0.Final-redhat-00008.jar:/home/sudnair/.m2/repository/org/kie/kie-dmn-api/7.52.0.Final-redhat-00008/kie-dmn-api-7.52.0.Final-redhat-00008.jar:/home/sudnair/.m2/repository/org/kie/kie-dmn-feel/7.52.0.Final-redhat-00008/kie-dmn-feel-7.52.0.Final-redhat-00008.jar:/home/sudnair/.m2/repository/org/kie/kie-dmn-model/7.52.0.Final-redhat-00008/kie-dmn-model-7.52.0.Final-redhat-00008.jar:/home/sudnair/.m2/repository/org/antlr/antlr4-runtime/4.8.0.redhat-00002/antlr4-runtime-4.8.0.redhat-00002.jar:/home/sudnair/.m2/repository/com/github/javaparser/javaparser-core/3.13.10/javaparser-core-3.13.10.jar:/home/sudnair/.m2/repository/org/drools/drools-mvel-parser/7.52.0.Final-redhat-00008/drools-mvel-parser-7.52.0.Final-redhat-00008.jar:/home/sudnair/.m2/repository/ch/obermuhlner/big-math/2.0.1/big-math-2.0.1.jar:/home/sudnair/.m2/repository/org/kie/kie-dmn-core/7.52.0.Final-redhat-00008/kie-dmn-core-7.52.0.Final-redhat-00008.jar:/home/sudnair/.m2/repository/org/kie/kie-dmn-backend/7.52.0.Final-redhat-00008/kie-dmn-backend-7.52.0.Final-redhat-00008.jar:/home/sudnair/.m2/repository/org/kie/kie-memory-compiler/7.52.0.Final-redhat-00008/kie-memory-compiler-7.52.0.Final-redhat-00008.jar:/home/sudnair/.m2/repository/org/drools/drools-ruleunit/7.52.0.Final-redhat-00008/drools-ruleunit-7.52.0.Final-redhat-00008.jar:/home/sudnair/.m2/repository/org/drools/drools-canonical-model/7.52.0.Final-redhat-00008/drools-canonical-model-7.52.0.Final-redhat-00008.jar:/home/sudnair/.m2/repository/org/drools/drools-model-compiler/7.52.0.Final-redhat-00008/drools-model-compiler-7.52.0.Final-redhat-00008.jar:/home/sudnair/.m2/repository/org/drools/drools-mvel-compiler/7.52.0.Final-redhat-00008/drools-mvel-compiler-7.52.0.Final-redhat-00008.jar:/home/sudnair/.m2/repository/org/drools/drools-alphanetwork-compiler/7.52.0.Final-redhat-00008/drools-alphanetwork-compiler-7.52.0.Final-redhat-00008.jar:/home/sudnair/.m2/repository/org/jpmml/pmml-model/1.5.1/pmml-model-1.5.1.jar:/home/sudnair/.m2/repository/org/jpmml/pmml-agent/1.5.1/pmml-agent-1.5.1.jar:/home/sudnair/.m2/repository/org/apache/commons/commons-lang3/3.9.0.redhat-00001/commons-lang3-3.9.0.redhat-00001.jar:/home/sudnair/.m2/repository/org/kie/soup/kie-soup-project-datamodel-commons/7.52.0.Final-redhat-00008/kie-soup-project-datamodel-commons-7.52.0.Final-redhat-00008.jar:/home/sudnair/.m2/repository/org/kie/soup/kie-soup-project-datamodel-api/7.52.0.Final-redhat-00008/kie-soup-project-datamodel-api-7.52.0.Final-redhat-00008.jar:/home/sudnair/.m2/repository/org/drools/drools-core/7.52.0.Final-redhat-00008/drools-core-7.52.0.Final-redhat-00008.jar:/home/sudnair/.m2/repository/org/kie/soup/kie-soup-xstream/7.52.0.Final-redhat-00008/kie-soup-xstream-7.52.0.Final-redhat-00008.jar:/home/sudnair/.m2/repository/org/drools/drools-core-reflective/7.52.0.Final-redhat-00008/drools-core-reflective-7.52.0.Final-redhat-00008.jar:/home/sudnair/.m2/repository/org/drools/drools-core-dynamic/7.52.0.Final-redhat-00008/drools-core-dynamic-7.52.0.Final-redhat-00008.jar:/home/sudnair/.m2/repository/commons-codec/commons-codec/1.11.0.redhat-00001/commons-codec-1.11.0.redhat-00001.jar:/home/sudnair/.m2/repository/org/jbpm/jbpm-query-jpa/7.52.0.Final-redhat-00008/jbpm-query-jpa-7.52.0.Final-redhat-00008.jar:/home/sudnair/.m2/repository/org/jbpm/jbpm-persistence-api/7.52.0.Final-redhat-00008/jbpm-persistence-api-7.52.0.Final-redhat-00008.jar:/home/sudnair/.m2/repository/org/drools/drools-persistence-api/7.52.0.Final-redhat-00008/drools-persistence-api-7.52.0.Final-redhat-00008.jar:/home/sudnair/.m2/repository/org/jboss/spec/javax/transaction/jboss-transaction-api_1.2_spec/1.1.1.Final-redhat-1/jboss-transaction-api_1.2_spec-1.1.1.Final-redhat-1.jar:/home/sudnair/.m2/repository/org/kie/kie-internal/7.52.0.Final-redhat-00008/kie-internal-7.52.0.Final-redhat-00008.jar:/home/sudnair/.m2/repository/org/jboss/spec/javax/annotation/jboss-annotations-api_1.2_spec/1.0.0.Final-redhat-1/jboss-annotations-api_1.2_spec-1.0.0.Final-redhat-1.jar:/home/sudnair/.m2/repository/javax/persistence/javax.persistence-api/2.2.0.redhat-1/javax.persistence-api-2.2.0.redhat-1.jar:/home/sudnair/.m2/repository/org/mvel/mvel2/2.4.12.Final-redhat-00001/mvel2-2.4.12.Final-redhat-00001.jar:/home/sudnair/.m2/repository/javax/mail/mail/1.4.5.redhat-2/mail-1.4.5.redhat-2.jar:/home/sudnair/.m2/repository/com/fasterxml/jackson/core/jackson-annotations/2.10.4.redhat-00002/jackson-annotations-2.10.4.redhat-00002.jar:/home/sudnair/.m2/repository/com/fasterxml/jackson/core/jackson-core/2.10.4.redhat-00002/jackson-core-2.10.4.redhat-00002.jar:/home/sudnair/.m2/repository/com/fasterxml/jackson/core/jackson-databind/2.10.5.1-redhat-00001/jackson-databind-2.10.5.1-redhat-00001.jar:/home/sudnair/.m2/repository/org/slf4j/jcl-over-slf4j/1.7.30.redhat-00001/jcl-over-slf4j-1.7.30.redhat-00001.jar:/home/sudnair/.m2/repository/com/google/guava/guava/25.0-jre/guava-25.0-jre.jar:/home/sudnair/.m2/repository/com/google/code/findbugs/jsr305/1.3.9/jsr305-1.3.9.jar:/home/sudnair/.m2/repository/org/checkerframework/checker-compat-qual/2.0.0/checker-compat-qual-2.0.0.jar:/home/sudnair/.m2/repository/com/google/errorprone/error_prone_annotations/2.1.3/error_prone_annotations-2.1.3.jar:/home/sudnair/.m2/repository/com/google/j2objc/j2objc-annotations/1.1/j2objc-annotations-1.1.jar:/home/sudnair/.m2/repository/org/codehaus/mojo/animal-sniffer-annotations/1.14/animal-sniffer-annotations-1.14.jar:/home/sudnair/.m2/repository/org/javassist/javassist/3.26.0.GA-redhat-00001/javassist-3.26.0.GA-redhat-00001.jar:/home/sudnair/.m2/repository/javax/security/jacc/1.0/jacc-1.0.jar:"/>
    <property name="sun.cpu.endian" value="little"/>
    <property name="user.home" value="/home/sudnair"/>
    <property name="user.language" value="en"/>
    <property name="java.specification.vendor" value="Oracle Corporation"/>
    <property name="java.home" value="/home/sudnair/Documents/official/Softwares/java/jdk-8u161-linux-x64/jdk1.8.0_161/jre"/>
    <property name="basedir" value="/home/sudnair/Documents/official/pocs/customusergroupcallback"/>
    <property name="file.separator" value="/"/>
    <property name="line.separator" value="&#10;"/>
    <property name="java.vm.specification.vendor" value="Oracle Corporation"/>
    <property name="java.specification.name" value="Java Platform API Specification"/>
    <property name="java.awt.graphicsenv" value="sun.awt.X11GraphicsEnvironment"/>
    <property name="surefire.real.class.path" value="/home/sudnair/Documents/official/pocs/customusergroupcallback/target/surefire/surefirebooter6205688524703612146.jar"/>
    <property name="sun.boot.class.path" value="/home/sudnair/Documents/official/Softwares/java/jdk-8u161-linux-x64/jdk1.8.0_161/jre/lib/resources.jar:/home/sudnair/Documents/official/Softwares/java/jdk-8u161-linux-x64/jdk1.8.0_161/jre/lib/rt.jar:/home/sudnair/Documents/official/Softwares/java/jdk-8u161-linux-x64/jdk1.8.0_161/jre/lib/sunrsasign.jar:/home/sudnair/Documents/official/Softwares/java/jdk-8u161-linux-x64/jdk1.8.0_161/jre/lib/jsse.jar:/home/sudnair/Documents/official/Softwares/java/jdk-8u161-linux-x64/jdk1.8.0_161/jre/lib/jce.jar:/home/sudnair/Documents/official/Softwares/java/jdk-8u161-linux-x64/jdk1.8.0_161/jre/lib/charsets.jar:/home/sudnair/Documents/official/Softwares/java/jdk-8u161-linux-x64/jdk1.8.0_161/jre/lib/jfr.jar:/home/sudnair/Documents/official/Softwares/java/jdk-8u161-linux-x64/jdk1.8.0_161/jre/classes"/>
    <property name="sun.management.compiler" value="HotSpot 64-Bit Tiered Compilers"/>
    <property name="java.runtime.version" value="1.8.0_161-b12"/>
    <property name="user.name" value="sudnair"/>
    <property name="path.separator" value=":"/>
    <property name="os.version" value="4.18.0-348.2.1.el8_5.x86_64"/>
    <property name="java.endorsed.dirs" value="/home/sudnair/Documents/official/Softwares/java/jdk-8u161-linux-x64/jdk1.8.0_161/jre/lib/endorsed"/>
    <property name="java.runtime.name" value="Java(TM) SE Runtime Environment"/>
    <property name="file.encoding" value="UTF-8"/>
    <property name="java.vm.name" value="Java HotSpot(TM) 64-Bit Server VM"/>
    <property name="localRepository" value="/home/sudnair/.m2/repository"/>
    <property name="java.vendor.url.bug" value="http://bugreport.sun.com/bugreport/"/>
    <property name="java.io.tmpdir" value="/tmp"/>
    <property name="java.version" value="1.8.0_161"/>
    <property name="user.dir" value="/home/sudnair/Documents/official/pocs/customusergroupcallback"/>
    <property name="os.arch" value="amd64"/>
    <property name="java.vm.specification.name" value="Java Virtual Machine Specification"/>
    <property name="java.awt.printerjob" value="sun.print.PSPrinterJob"/>
    <property name="sun.os.patch.level" value="unknown"/>
    <property name="java.library.path" value="/usr/java/packages/lib/amd64:/usr/lib64:/lib64:/lib:/usr/lib"/>
    <property name="java.vm.info" value="mixed mode"/>
    <property name="java.vendor" value="Oracle Corporation"/>
    <property name="java.vm.version" value="25.161-b12"/>
    <property name="java.ext.dirs" value="/home/sudnair/Documents/official/Softwares/java/jdk-8u161-linux-x64/jdk1.8.0_161/jre/lib/ext:/usr/java/packages/lib/ext"/>
    <property name="sun.io.unicode.encoding" value="UnicodeLittle"/>
    <property name="java.class.version" value="52.0"/>
  </properties>
  <testcase name="shouldAnswerWithTrue" classname="com.custom.usergroupcallback.AppTest" time="0.002"/>
</testsuite>