<?xml version="1.0" encoding="UTF-8"?>
<testsuite xmlns:xsi="http://www.w3.org/2001/XMLSchema-instance" xsi:noNamespaceSchemaLocation="https://maven.apache.org/surefire/maven-surefire-plugin/xsd/surefire-test-report.xsd" name="com.custom.usergroupcallback.AppTest" time="0.018" tests="1" errors="0" skipped="0" failures="0">
  <properties>
    <property name="sun.desktop" value="gnome"/>
    <property name="awt.toolkit" value="sun.awt.X11.XToolkit"/>
    <property name="java.specification.version" value="11"/>
    <property name="sun.cpu.isalist" value=""/>
    <property name="sun.jnu.encoding" value="UTF-8"/>
    <property name="java.class.path" value="/home/sudnair/Documents/official/jbpmexamples/custom_ldap/customusergroupcallback/target/test-classes:/home/sudnair/Documents/official/jbpmexamples/custom_ldap/customusergroupcallback/target/classes:/home/sudnair/.m2/repository/junit/junit/4.11/junit-4.11.jar:/home/sudnair/.m2/repository/org/hamcrest/hamcrest-core/1.3/hamcrest-core-1.3.jar:/home/sudnair/.m2/repository/org/kie/kie-api/7.67.0.Final-redhat-00029/kie-api-7.67.0.Final-redhat-00029.jar:/home/sudnair/.m2/repository/org/kie/soup/kie-soup-maven-support/7.67.0.Final-redhat-00029/kie-soup-maven-support-7.67.0.Final-redhat-00029.jar:/home/sudnair/.m2/repository/org/slf4j/slf4j-api/1.7.30.redhat-00005/slf4j-api-1.7.30.redhat-00005.jar:/home/sudnair/.m2/repository/ch/qos/logback/logback-classic/1.0.9/logback-classic-1.0.9.jar:/home/sudnair/.m2/repository/ch/qos/logback/logback-core/1.0.9/logback-core-1.0.9.jar:/home/sudnair/.m2/repository/org/jbpm/jbpm-human-task-core/7.67.0.Final-redhat-00029/jbpm-human-task-core-7.67.0.Final-redhat-00029.jar:/home/sudnair/.m2/repository/com/google/protobuf/protobuf-java/3.19.6.redhat-00003/protobuf-java-3.19.6.redhat-00003.jar:/home/sudnair/.m2/repository/org/jbpm/jbpm-flow/7.67.0.Final-redhat-00029/jbpm-flow-7.67.0.Final-redhat-00029.jar:/home/sudnair/.m2/repository/org/drools/drools-mvel/7.67.0.Final-redhat-00029/drools-mvel-7.67.0.Final-redhat-00029.jar:/home/sudnair/.m2/repository/org/drools/drools-compiler/7.67.0.Final-redhat-00029/drools-compiler-7.67.0.Final-redhat-00029.jar:/home/sudnair/.m2/repository/org/drools/drools-ecj/7.67.0.Final-redhat-00029/drools-ecj-7.67.0.Final-redhat-00029.jar:/home/sudnair/.m2/repository/org/antlr/antlr-runtime/3.5.2.redhat-00002/antlr-runtime-3.5.2.redhat-00002.jar:/home/sudnair/.m2/repository/com/thoughtworks/xstream/xstream/1.4.20.redhat-00001/xstream-1.4.20.redhat-00001.jar:/home/sudnair/.m2/repository/io/github/x-stream/mxparser/1.2.2/mxparser-1.2.2.jar:/home/sudnair/.m2/repository/xmlpull/xmlpull/1.1.3.1/xmlpull-1.1.3.1.jar:/home/sudnair/.m2/repository/org/drools/drools-serialization-protobuf/7.67.0.Final-redhat-00029/drools-serialization-protobuf-7.67.0.Final-redhat-00029.jar:/home/sudnair/.m2/repository/org/kie/soup/kie-soup-commons/7.67.0.Final-redhat-00029/kie-soup-commons-7.67.0.Final-redhat-00029.jar:/home/sudnair/.m2/repository/org/kie/kie-dmn-api/7.67.0.Final-redhat-00029/kie-dmn-api-7.67.0.Final-redhat-00029.jar:/home/sudnair/.m2/repository/org/kie/kie-dmn-feel/7.67.0.Final-redhat-00029/kie-dmn-feel-7.67.0.Final-redhat-00029.jar:/home/sudnair/.m2/repository/org/kie/kie-dmn-model/7.67.0.Final-redhat-00029/kie-dmn-model-7.67.0.Final-redhat-00029.jar:/home/sudnair/.m2/repository/org/antlr/antlr4-runtime/4.9.2.redhat-00003/antlr4-runtime-4.9.2.redhat-00003.jar:/home/sudnair/.m2/repository/com/github/javaparser/javaparser-core/3.23.1/javaparser-core-3.23.1.jar:/home/sudnair/.m2/repository/ch/obermuhlner/big-math/2.0.1/big-math-2.0.1.jar:/home/sudnair/.m2/repository/org/kie/kie-dmn-core/7.67.0.Final-redhat-00029/kie-dmn-core-7.67.0.Final-redhat-00029.jar:/home/sudnair/.m2/repository/org/kie/kie-dmn-backend/7.67.0.Final-redhat-00029/kie-dmn-backend-7.67.0.Final-redhat-00029.jar:/home/sudnair/.m2/repository/org/kie/kie-memory-compiler/7.67.0.Final-redhat-00029/kie-memory-compiler-7.67.0.Final-redhat-00029.jar:/home/sudnair/.m2/repository/org/drools/drools-ruleunit/7.67.0.Final-redhat-00029/drools-ruleunit-7.67.0.Final-redhat-00029.jar:/home/sudnair/.m2/repository/org/drools/drools-canonical-model/7.67.0.Final-redhat-00029/drools-canonical-model-7.67.0.Final-redhat-00029.jar:/home/sudnair/.m2/repository/org/drools/drools-model-compiler/7.67.0.Final-redhat-00029/drools-model-compiler-7.67.0.Final-redhat-00029.jar:/home/sudnair/.m2/repository/org/drools/drools-mvel-compiler/7.67.0.Final-redhat-00029/drools-mvel-compiler-7.67.0.Final-redhat-00029.jar:/home/sudnair/.m2/repository/org/drools/drools-mvel-parser/7.67.0.Final-redhat-00029/drools-mvel-parser-7.67.0.Final-redhat-00029.jar:/home/sudnair/.m2/repository/org/drools/drools-alphanetwork-compiler/7.67.0.Final-redhat-00029/drools-alphanetwork-compiler-7.67.0.Final-redhat-00029.jar:/home/sudnair/.m2/repository/org/jpmml/pmml-model/1.5.1.redhat-00001/pmml-model-1.5.1.redhat-00001.jar:/home/sudnair/.m2/repository/org/jpmml/pmml-agent/1.5.1.redhat-00001/pmml-agent-1.5.1.redhat-00001.jar:/home/sudnair/.m2/repository/org/apache/commons/commons-lang3/3.11.0.redhat-00002/commons-lang3-3.11.0.redhat-00002.jar:/home/sudnair/.m2/repository/com/fasterxml/jackson/datatype/jackson-datatype-jsr310/2.15.0.redhat-00001/jackson-datatype-jsr310-2.15.0.redhat-00001.jar:/home/sudnair/.m2/repository/org/kie/soup/kie-soup-project-datamodel-commons/7.67.0.Final-redhat-00029/kie-soup-project-datamodel-commons-7.67.0.Final-redhat-00029.jar:/home/sudnair/.m2/repository/org/kie/soup/kie-soup-project-datamodel-api/7.67.0.Final-redhat-00029/kie-soup-project-datamodel-api-7.67.0.Final-redhat-00029.jar:/home/sudnair/.m2/repository/org/drools/drools-core/7.67.0.Final-redhat-00029/drools-core-7.67.0.Final-redhat-00029.jar:/home/sudnair/.m2/repository/org/kie/soup/kie-soup-xstream/7.67.0.Final-redhat-00029/kie-soup-xstream-7.67.0.Final-redhat-00029.jar:/home/sudnair/.m2/repository/org/drools/drools-core-reflective/7.67.0.Final-redhat-00029/drools-core-reflective-7.67.0.Final-redhat-00029.jar:/home/sudnair/.m2/repository/org/drools/drools-core-dynamic/7.67.0.Final-redhat-00029/drools-core-dynamic-7.67.0.Final-redhat-00029.jar:/home/sudnair/.m2/repository/commons-codec/commons-codec/1.15.0.redhat-00015/commons-codec-1.15.0.redhat-00015.jar:/home/sudnair/.m2/repository/org/jbpm/jbpm-query-jpa/7.67.0.Final-redhat-00029/jbpm-query-jpa-7.67.0.Final-redhat-00029.jar:/home/sudnair/.m2/repository/org/jbpm/jbpm-persistence-api/7.67.0.Final-redhat-00029/jbpm-persistence-api-7.67.0.Final-redhat-00029.jar:/home/sudnair/.m2/repository/org/drools/drools-persistence-api/7.67.0.Final-redhat-00029/drools-persistence-api-7.67.0.Final-redhat-00029.jar:/home/sudnair/.m2/repository/jakarta/transaction/jakarta.transaction-api/1.3.3.redhat-00004/jakarta.transaction-api-1.3.3.redhat-00004.jar:/home/sudnair/.m2/repository/org/kie/kie-internal/7.67.0.Final-redhat-00029/kie-internal-7.67.0.Final-redhat-00029.jar:/home/sudnair/.m2/repository/jakarta/annotation/jakarta.annotation-api/1.3.5.redhat-00008/jakarta.annotation-api-1.3.5.redhat-00008.jar:/home/sudnair/.m2/repository/jakarta/persistence/jakarta.persistence-api/2.2.3.redhat-00001/jakarta.persistence-api-2.2.3.redhat-00001.jar:/home/sudnair/.m2/repository/org/mvel/mvel2/2.5.2.Final-redhat-00001/mvel2-2.5.2.Final-redhat-00001.jar:/home/sudnair/.m2/repository/com/sun/mail/jakarta.mail/1.6.5.redhat-00001/jakarta.mail-1.6.5.redhat-00001.jar:/home/sudnair/.m2/repository/com/sun/activation/jakarta.activation/1.2.1/jakarta.activation-1.2.1.jar:/home/sudnair/.m2/repository/com/fasterxml/jackson/core/jackson-annotations/2.15.0.redhat-00001/jackson-annotations-2.15.0.redhat-00001.jar:/home/sudnair/.m2/repository/com/fasterxml/jackson/core/jackson-core/2.15.0.redhat-00001/jackson-core-2.15.0.redhat-00001.jar:/home/sudnair/.m2/repository/com/fasterxml/jackson/core/jackson-databind/2.15.0.redhat-00001/jackson-databind-2.15.0.redhat-00001.jar:/home/sudnair/.m2/repository/org/slf4j/jcl-over-slf4j/1.7.30.redhat-00005/jcl-over-slf4j-1.7.30.redhat-00005.jar:/home/sudnair/.m2/repository/com/google/guava/guava/30.1.0.jre-redhat-00003/guava-30.1.0.jre-redhat-00003.jar:/home/sudnair/.m2/repository/com/google/guava/failureaccess/1.0.1.redhat-00002/failureaccess-1.0.1.redhat-00002.jar:/home/sudnair/.m2/repository/com/google/guava/listenablefuture/9999.0.0.empty-to-avoid-conflict-with-guava-redhat-00001/listenablefuture-9999.0.0.empty-to-avoid-conflict-with-guava-redhat-00001.jar:/home/sudnair/.m2/repository/com/google/code/findbugs/jsr305/3.0.2.redhat-00008/jsr305-3.0.2.redhat-00008.jar:/home/sudnair/.m2/repository/org/checkerframework/checker-qual/3.5.0/checker-qual-3.5.0.jar:/home/sudnair/.m2/repository/com/google/errorprone/error_prone_annotations/2.3.4/error_prone_annotations-2.3.4.jar:/home/sudnair/.m2/repository/com/google/j2objc/j2objc-annotations/1.3/j2objc-annotations-1.3.jar:/home/sudnair/.m2/repository/jakarta/activation/jakarta.activation-api/1.2.2.redhat-00003/jakarta.activation-api-1.2.2.redhat-00003.jar:/home/sudnair/.m2/repository/org/javassist/javassist/3.26.0.GA-redhat-00001/javassist-3.26.0.GA-redhat-00001.jar:/home/sudnair/.m2/repository/javax/security/jacc/1.0/jacc-1.0.jar:"/>
    <property name="java.vm.vendor" value="Red Hat, Inc."/>
    <property name="sun.arch.data.model" value="64"/>
    <property name="java.vendor.url" value="https://www.redhat.com/"/>
    <property name="user.timezone" value=""/>
    <property name="java.vm.specification.version" value="11"/>
    <property name="os.name" value="Linux"/>
    <property name="sun.java.launcher" value="SUN_STANDARD"/>
    <property name="user.country" value="US"/>
    <property name="sun.boot.library.path" value="/home/sudnair/Documents/official/Softwares/java/jdk/java-11-openjdk-11.0.23.0.9-2.portable.jdk.el.x86_64/lib"/>
    <property name="sun.java.command" value="/home/sudnair/Documents/official/jbpmexamples/custom_ldap/customusergroupcallback/target/surefire/surefirebooter14809291025204133329.jar /home/sudnair/Documents/official/jbpmexamples/custom_ldap/customusergroupcallback/target/surefire 2024-07-15T19-07-30_499-jvmRun1 surefire1644985167288598846tmp surefire_016119362416203328880tmp"/>
    <property name="jdk.debug" value="release"/>
    <property name="surefire.test.class.path" value="/home/sudnair/Documents/official/jbpmexamples/custom_ldap/customusergroupcallback/target/test-classes:/home/sudnair/Documents/official/jbpmexamples/custom_ldap/customusergroupcallback/target/classes:/home/sudnair/.m2/repository/junit/junit/4.11/junit-4.11.jar:/home/sudnair/.m2/repository/org/hamcrest/hamcrest-core/1.3/hamcrest-core-1.3.jar:/home/sudnair/.m2/repository/org/kie/kie-api/7.67.0.Final-redhat-00029/kie-api-7.67.0.Final-redhat-00029.jar:/home/sudnair/.m2/repository/org/kie/soup/kie-soup-maven-support/7.67.0.Final-redhat-00029/kie-soup-maven-support-7.67.0.Final-redhat-00029.jar:/home/sudnair/.m2/repository/org/slf4j/slf4j-api/1.7.30.redhat-00005/slf4j-api-1.7.30.redhat-00005.jar:/home/sudnair/.m2/repository/ch/qos/logback/logback-classic/1.0.9/logback-classic-1.0.9.jar:/home/sudnair/.m2/repository/ch/qos/logback/logback-core/1.0.9/logback-core-1.0.9.jar:/home/sudnair/.m2/repository/org/jbpm/jbpm-human-task-core/7.67.0.Final-redhat-00029/jbpm-human-task-core-7.67.0.Final-redhat-00029.jar:/home/sudnair/.m2/repository/com/google/protobuf/protobuf-java/3.19.6.redhat-00003/protobuf-java-3.19.6.redhat-00003.jar:/home/sudnair/.m2/repository/org/jbpm/jbpm-flow/7.67.0.Final-redhat-00029/jbpm-flow-7.67.0.Final-redhat-00029.jar:/home/sudnair/.m2/repository/org/drools/drools-mvel/7.67.0.Final-redhat-00029/drools-mvel-7.67.0.Final-redhat-00029.jar:/home/sudnair/.m2/repository/org/drools/drools-compiler/7.67.0.Final-redhat-00029/drools-compiler-7.67.0.Final-redhat-00029.jar:/home/sudnair/.m2/repository/org/drools/drools-ecj/7.67.0.Final-redhat-00029/drools-ecj-7.67.0.Final-redhat-00029.jar:/home/sudnair/.m2/repository/org/antlr/antlr-runtime/3.5.2.redhat-00002/antlr-runtime-3.5.2.redhat-00002.jar:/home/sudnair/.m2/repository/com/thoughtworks/xstream/xstream/1.4.20.redhat-00001/xstream-1.4.20.redhat-00001.jar:/home/sudnair/.m2/repository/io/github/x-stream/mxparser/1.2.2/mxparser-1.2.2.jar:/home/sudnair/.m2/repository/xmlpull/xmlpull/1.1.3.1/xmlpull-1.1.3.1.jar:/home/sudnair/.m2/repository/org/drools/drools-serialization-protobuf/7.67.0.Final-redhat-00029/drools-serialization-protobuf-7.67.0.Final-redhat-00029.jar:/home/sudnair/.m2/repository/org/kie/soup/kie-soup-commons/7.67.0.Final-redhat-00029/kie-soup-commons-7.67.0.Final-redhat-00029.jar:/home/sudnair/.m2/repository/org/kie/kie-dmn-api/7.67.0.Final-redhat-00029/kie-dmn-api-7.67.0.Final-redhat-00029.jar:/home/sudnair/.m2/repository/org/kie/kie-dmn-feel/7.67.0.Final-redhat-00029/kie-dmn-feel-7.67.0.Final-redhat-00029.jar:/home/sudnair/.m2/repository/org/kie/kie-dmn-model/7.67.0.Final-redhat-00029/kie-dmn-model-7.67.0.Final-redhat-00029.jar:/home/sudnair/.m2/repository/org/antlr/antlr4-runtime/4.9.2.redhat-00003/antlr4-runtime-4.9.2.redhat-00003.jar:/home/sudnair/.m2/repository/com/github/javaparser/javaparser-core/3.23.1/javaparser-core-3.23.1.jar:/home/sudnair/.m2/repository/ch/obermuhlner/big-math/2.0.1/big-math-2.0.1.jar:/home/sudnair/.m2/repository/org/kie/kie-dmn-core/7.67.0.Final-redhat-00029/kie-dmn-core-7.67.0.Final-redhat-00029.jar:/home/sudnair/.m2/repository/org/kie/kie-dmn-backend/7.67.0.Final-redhat-00029/kie-dmn-backend-7.67.0.Final-redhat-00029.jar:/home/sudnair/.m2/repository/org/kie/kie-memory-compiler/7.67.0.Final-redhat-00029/kie-memory-compiler-7.67.0.Final-redhat-00029.jar:/home/sudnair/.m2/repository/org/drools/drools-ruleunit/7.67.0.Final-redhat-00029/drools-ruleunit-7.67.0.Final-redhat-00029.jar:/home/sudnair/.m2/repository/org/drools/drools-canonical-model/7.67.0.Final-redhat-00029/drools-canonical-model-7.67.0.Final-redhat-00029.jar:/home/sudnair/.m2/repository/org/drools/drools-model-compiler/7.67.0.Final-redhat-00029/drools-model-compiler-7.67.0.Final-redhat-00029.jar:/home/sudnair/.m2/repository/org/drools/drools-mvel-compiler/7.67.0.Final-redhat-00029/drools-mvel-compiler-7.67.0.Final-redhat-00029.jar:/home/sudnair/.m2/repository/org/drools/drools-mvel-parser/7.67.0.Final-redhat-00029/drools-mvel-parser-7.67.0.Final-redhat-00029.jar:/home/sudnair/.m2/repository/org/drools/drools-alphanetwork-compiler/7.67.0.Final-redhat-00029/drools-alphanetwork-compiler-7.67.0.Final-redhat-00029.jar:/home/sudnair/.m2/repository/org/jpmml/pmml-model/1.5.1.redhat-00001/pmml-model-1.5.1.redhat-00001.jar:/home/sudnair/.m2/repository/org/jpmml/pmml-agent/1.5.1.redhat-00001/pmml-agent-1.5.1.redhat-00001.jar:/home/sudnair/.m2/repository/org/apache/commons/commons-lang3/3.11.0.redhat-00002/commons-lang3-3.11.0.redhat-00002.jar:/home/sudnair/.m2/repository/com/fasterxml/jackson/datatype/jackson-datatype-jsr310/2.15.0.redhat-00001/jackson-datatype-jsr310-2.15.0.redhat-00001.jar:/home/sudnair/.m2/repository/org/kie/soup/kie-soup-project-datamodel-commons/7.67.0.Final-redhat-00029/kie-soup-project-datamodel-commons-7.67.0.Final-redhat-00029.jar:/home/sudnair/.m2/repository/org/kie/soup/kie-soup-project-datamodel-api/7.67.0.Final-redhat-00029/kie-soup-project-datamodel-api-7.67.0.Final-redhat-00029.jar:/home/sudnair/.m2/repository/org/drools/drools-core/7.67.0.Final-redhat-00029/drools-core-7.67.0.Final-redhat-00029.jar:/home/sudnair/.m2/repository/org/kie/soup/kie-soup-xstream/7.67.0.Final-redhat-00029/kie-soup-xstream-7.67.0.Final-redhat-00029.jar:/home/sudnair/.m2/repository/org/drools/drools-core-reflective/7.67.0.Final-redhat-00029/drools-core-reflective-7.67.0.Final-redhat-00029.jar:/home/sudnair/.m2/repository/org/drools/drools-core-dynamic/7.67.0.Final-redhat-00029/drools-core-dynamic-7.67.0.Final-redhat-00029.jar:/home/sudnair/.m2/repository/commons-codec/commons-codec/1.15.0.redhat-00015/commons-codec-1.15.0.redhat-00015.jar:/home/sudnair/.m2/repository/org/jbpm/jbpm-query-jpa/7.67.0.Final-redhat-00029/jbpm-query-jpa-7.67.0.Final-redhat-00029.jar:/home/sudnair/.m2/repository/org/jbpm/jbpm-persistence-api/7.67.0.Final-redhat-00029/jbpm-persistence-api-7.67.0.Final-redhat-00029.jar:/home/sudnair/.m2/repository/org/drools/drools-persistence-api/7.67.0.Final-redhat-00029/drools-persistence-api-7.67.0.Final-redhat-00029.jar:/home/sudnair/.m2/repository/jakarta/transaction/jakarta.transaction-api/1.3.3.redhat-00004/jakarta.transaction-api-1.3.3.redhat-00004.jar:/home/sudnair/.m2/repository/org/kie/kie-internal/7.67.0.Final-redhat-00029/kie-internal-7.67.0.Final-redhat-00029.jar:/home/sudnair/.m2/repository/jakarta/annotation/jakarta.annotation-api/1.3.5.redhat-00008/jakarta.annotation-api-1.3.5.redhat-00008.jar:/home/sudnair/.m2/repository/jakarta/persistence/jakarta.persistence-api/2.2.3.redhat-00001/jakarta.persistence-api-2.2.3.redhat-00001.jar:/home/sudnair/.m2/repository/org/mvel/mvel2/2.5.2.Final-redhat-00001/mvel2-2.5.2.Final-redhat-00001.jar:/home/sudnair/.m2/repository/com/sun/mail/jakarta.mail/1.6.5.redhat-00001/jakarta.mail-1.6.5.redhat-00001.jar:/home/sudnair/.m2/repository/com/sun/activation/jakarta.activation/1.2.1/jakarta.activation-1.2.1.jar:/home/sudnair/.m2/repository/com/fasterxml/jackson/core/jackson-annotations/2.15.0.redhat-00001/jackson-annotations-2.15.0.redhat-00001.jar:/home/sudnair/.m2/repository/com/fasterxml/jackson/core/jackson-core/2.15.0.redhat-00001/jackson-core-2.15.0.redhat-00001.jar:/home/sudnair/.m2/repository/com/fasterxml/jackson/core/jackson-databind/2.15.0.redhat-00001/jackson-databind-2.15.0.redhat-00001.jar:/home/sudnair/.m2/repository/org/slf4j/jcl-over-slf4j/1.7.30.redhat-00005/jcl-over-slf4j-1.7.30.redhat-00005.jar:/home/sudnair/.m2/repository/com/google/guava/guava/30.1.0.jre-redhat-00003/guava-30.1.0.jre-redhat-00003.jar:/home/sudnair/.m2/repository/com/google/guava/failureaccess/1.0.1.redhat-00002/failureaccess-1.0.1.redhat-00002.jar:/home/sudnair/.m2/repository/com/google/guava/listenablefuture/9999.0.0.empty-to-avoid-conflict-with-guava-redhat-00001/listenablefuture-9999.0.0.empty-to-avoid-conflict-with-guava-redhat-00001.jar:/home/sudnair/.m2/repository/com/google/code/findbugs/jsr305/3.0.2.redhat-00008/jsr305-3.0.2.redhat-00008.jar:/home/sudnair/.m2/repository/org/checkerframework/checker-qual/3.5.0/checker-qual-3.5.0.jar:/home/sudnair/.m2/repository/com/google/errorprone/error_prone_annotations/2.3.4/error_prone_annotations-2.3.4.jar:/home/sudnair/.m2/repository/com/google/j2objc/j2objc-annotations/1.3/j2objc-annotations-1.3.jar:/home/sudnair/.m2/repository/jakarta/activation/jakarta.activation-api/1.2.2.redhat-00003/jakarta.activation-api-1.2.2.redhat-00003.jar:/home/sudnair/.m2/repository/org/javassist/javassist/3.26.0.GA-redhat-00001/javassist-3.26.0.GA-redhat-00001.jar:/home/sudnair/.m2/repository/javax/security/jacc/1.0/jacc-1.0.jar:"/>
    <property name="sun.cpu.endian" value="little"/>
    <property name="user.home" value="/home/sudnair"/>
    <property name="user.language" value="en"/>
    <property name="java.specification.vendor" value="Oracle Corporation"/>
    <property name="java.version.date" value="2024-04-16"/>
    <property name="java.home" value="/home/sudnair/Documents/official/Softwares/java/jdk/java-11-openjdk-11.0.23.0.9-2.portable.jdk.el.x86_64"/>
    <property name="file.separator" value="/"/>
    <property name="basedir" value="/home/sudnair/Documents/official/jbpmexamples/custom_ldap/customusergroupcallback"/>
    <property name="java.vm.compressedOopsMode" value="Zero based"/>
    <property name="line.separator" value="&#10;"/>
    <property name="java.specification.name" value="Java Platform API Specification"/>
    <property name="java.vm.specification.vendor" value="Oracle Corporation"/>
    <property name="java.awt.graphicsenv" value="sun.awt.X11GraphicsEnvironment"/>
    <property name="surefire.real.class.path" value="/home/sudnair/Documents/official/jbpmexamples/custom_ldap/customusergroupcallback/target/surefire/surefirebooter14809291025204133329.jar"/>
    <property name="sun.management.compiler" value="HotSpot 64-Bit Tiered Compilers"/>
    <property name="java.runtime.version" value="11.0.23+9-LTS"/>
    <property name="user.name" value="sudnair"/>
    <property name="path.separator" value=":"/>
    <property name="os.version" value="6.8.11-300.fc40.x86_64"/>
    <property name="java.runtime.name" value="OpenJDK Runtime Environment"/>
    <property name="file.encoding" value="UTF-8"/>
    <property name="java.vm.name" value="OpenJDK 64-Bit Server VM"/>
    <property name="java.vendor.version" value="(Red_Hat-11.0.23.0.9-2)"/>
    <property name="localRepository" value="/home/sudnair/.m2/repository"/>
    <property name="java.vendor.url.bug" value="https://access.redhat.com/support/cases/"/>
    <property name="java.io.tmpdir" value="/tmp"/>
    <property name="java.version" value="11.0.23"/>
    <property name="user.dir" value="/home/sudnair/Documents/official/jbpmexamples/custom_ldap/customusergroupcallback"/>
    <property name="os.arch" value="amd64"/>
    <property name="java.vm.specification.name" value="Java Virtual Machine Specification"/>
    <property name="java.awt.printerjob" value="sun.print.PSPrinterJob"/>
    <property name="sun.os.patch.level" value="unknown"/>
    <property name="java.library.path" value="/usr/java/packages/lib:/usr/lib64:/lib64:/lib:/usr/lib"/>
    <property name="java.vm.info" value="mixed mode"/>
    <property name="java.vendor" value="Red Hat, Inc."/>
    <property name="java.vm.version" value="11.0.23+9-LTS"/>
    <property name="java.specification.maintenance.version" value="2"/>
    <property name="sun.io.unicode.encoding" value="UnicodeLittle"/>
    <property name="java.class.version" value="55.0"/>
  </properties>
  <testcase name="shouldAnswerWithTrue" classname="com.custom.usergroupcallback.AppTest" time="0"/>
</testsuite>